0 info it worked if it ends with ok
1 verbose cli [ 'node', '/usr/local/bin/npm', 'info', 'schema-form' ]
2 info using npm@1.4.28
3 info using node@v0.10.35
4 verbose request where is /schema-form
5 verbose request registry http://registry.npmjs.org/
6 verbose request id bc1c863cb706208f
7 verbose url raw /schema-form
8 verbose url resolving [ 'http://registry.npmjs.org/', './schema-form' ]
9 verbose url resolved http://registry.npmjs.org/schema-form
10 verbose request where is http://registry.npmjs.org/schema-form
11 info trying registry request attempt 1 at 09:15:47
12 http GET http://registry.npmjs.org/schema-form
13 http 404 http://registry.npmjs.org/schema-form
14 verbose headers { server: 'CouchDB/1.5.0 (Erlang OTP/R16B03)',
14 verbose headers   'content-type': 'application/json',
14 verbose headers   'cache-control': 'max-age=0',
14 verbose headers   'content-length': '52',
14 verbose headers   'accept-ranges': 'bytes',
14 verbose headers   date: 'Sun, 22 Feb 2015 17:15:48 GMT',
14 verbose headers   via: '1.1 varnish',
14 verbose headers   age: '0',
14 verbose headers   connection: 'keep-alive',
14 verbose headers   'x-served-by': 'cache-lax1428-LAX',
14 verbose headers   'x-cache': 'MISS',
14 verbose headers   'x-cache-hits': '0',
14 verbose headers   'x-timer': 'S1424625348.672519,VS0,VE75' }
15 silly registry.get cb [ 404,
15 silly registry.get   { server: 'CouchDB/1.5.0 (Erlang OTP/R16B03)',
15 silly registry.get     'content-type': 'application/json',
15 silly registry.get     'cache-control': 'max-age=0',
15 silly registry.get     'content-length': '52',
15 silly registry.get     'accept-ranges': 'bytes',
15 silly registry.get     date: 'Sun, 22 Feb 2015 17:15:48 GMT',
15 silly registry.get     via: '1.1 varnish',
15 silly registry.get     age: '0',
15 silly registry.get     connection: 'keep-alive',
15 silly registry.get     'x-served-by': 'cache-lax1428-LAX',
15 silly registry.get     'x-cache': 'MISS',
15 silly registry.get     'x-cache-hits': '0',
15 silly registry.get     'x-timer': 'S1424625348.672519,VS0,VE75' } ]
16 error 404 404 Not Found: schema-form
16 error 404
16 error 404 'schema-form' is not in the npm registry.
16 error 404 You should bug the author to publish it
16 error 404
16 error 404 Note that you can also install from a
16 error 404 tarball, folder, or http url, or git url.
17 error System Darwin 14.1.0
18 error command "node" "/usr/local/bin/npm" "info" "schema-form"
19 error cwd /Users/mohsen/Google Drive/Projects/angular-json-schema-form
20 error node -v v0.10.35
21 error npm -v 1.4.28
22 error code E404
23 verbose exit [ 1, true ]
